Analysis & Elaboration report for DE0_CV
Sat Jan 06 20:51:48 2024
Quartus Prime Version 19.1.0 Build 670 09/22/2019 SJ Lite Edition


---------------------
; Table of Contents ;
---------------------
  1. Legal Notice
  2. Analysis & Elaboration Summary
  3. Parallel Compilation
  4. Analysis & Elaboration Settings
  5. Analysis & Elaboration Messages



----------------
; Legal Notice ;
----------------
Copyright (C) 2019  Intel Corporation. All rights reserved.
Your use of Intel Corporation's design tools, logic functions 
and other software and tools, and any partner logic 
functions, and any output files from any of the foregoing 
(including device programming or simulation files), and any 
associated documentation or information are expressly subject 
to the terms and conditions of the Intel Program License 
Subscription Agreement, the Intel Quartus Prime License Agreement,
the Intel FPGA IP License Agreement, or other applicable license
agreement, including, without limitation, that your use is for
the sole purpose of programming logic devices manufactured by
Intel and sold by Intel or its authorized distributors.  Please
refer to the applicable agreement for further details, at
https://fpgasoftware.intel.com/eula.



+-----------------------------------------------------------------------------+
; Analysis & Elaboration Summary                                              ;
+-------------------------------+---------------------------------------------+
; Analysis & Elaboration Status ; Successful - Sat Jan 06 20:51:48 2024       ;
; Quartus Prime Version         ; 19.1.0 Build 670 09/22/2019 SJ Lite Edition ;
; Revision Name                 ; DE0_CV                                      ;
; Top-level Entity Name         ; CPU                                         ;
; Family                        ; Cyclone V                                   ;
; Logic utilization (in ALMs)   ; N/A until Partition Merge                   ;
; Total registers               ; N/A until Partition Merge                   ;
; Total pins                    ; N/A until Partition Merge                   ;
; Total virtual pins            ; N/A until Partition Merge                   ;
; Total block memory bits       ; N/A until Partition Merge                   ;
; Total PLLs                    ; N/A until Partition Merge                   ;
; Total DLLs                    ; N/A until Partition Merge                   ;
+-------------------------------+---------------------------------------------+


+------------------------------------------+
; Parallel Compilation                     ;
+----------------------------+-------------+
; Processors                 ; Number      ;
+----------------------------+-------------+
; Number detected on machine ; 16          ;
; Maximum allowed            ; 16          ;
;                            ;             ;
; Average used               ; 1.00        ;
; Maximum used               ; 1           ;
;                            ;             ;
; Usage by Processor         ; % Time Used ;
;     Processor 1            ; 100.0%      ;
+----------------------------+-------------+


+---------------------------------------------------------------------------------------------------------------------------+
; Analysis & Elaboration Settings                                                                                           ;
+---------------------------------------------------------------------------------+--------------------+--------------------+
; Option                                                                          ; Setting            ; Default Value      ;
+---------------------------------------------------------------------------------+--------------------+--------------------+
; Device                                                                          ; 5CEBA4F23C7        ;                    ;
; Top-level entity name                                                           ; CPU                ; DE0_CV             ;
; Family name                                                                     ; Cyclone V          ; Cyclone V          ;
; Use smart compilation                                                           ; Off                ; Off                ;
; Enable parallel Assembler and Timing Analyzer during compilation                ; On                 ; On                 ;
; Enable compact report table                                                     ; Off                ; Off                ;
; Restructure Multiplexers                                                        ; Auto               ; Auto               ;
; MLAB Add Timing Constraints For Mixed-Port Feed-Through Mode Setting Don't Care ; Off                ; Off                ;
; Create Debugging Nodes for IP Cores                                             ; Off                ; Off                ;
; Preserve fewer node names                                                       ; On                 ; On                 ;
; Intel FPGA IP Evaluation Mode                                                   ; Enable             ; Enable             ;
; Verilog Version                                                                 ; Verilog_2001       ; Verilog_2001       ;
; VHDL Version                                                                    ; VHDL_1993          ; VHDL_1993          ;
; State Machine Processing                                                        ; Auto               ; Auto               ;
; Safe State Machine                                                              ; Off                ; Off                ;
; Extract Verilog State Machines                                                  ; On                 ; On                 ;
; Extract VHDL State Machines                                                     ; On                 ; On                 ;
; Ignore Verilog initial constructs                                               ; Off                ; Off                ;
; Iteration limit for constant Verilog loops                                      ; 5000               ; 5000               ;
; Iteration limit for non-constant Verilog loops                                  ; 250                ; 250                ;
; Add Pass-Through Logic to Inferred RAMs                                         ; On                 ; On                 ;
; Infer RAMs from Raw Logic                                                       ; On                 ; On                 ;
; Parallel Synthesis                                                              ; On                 ; On                 ;
; DSP Block Balancing                                                             ; Auto               ; Auto               ;
; NOT Gate Push-Back                                                              ; On                 ; On                 ;
; Power-Up Don't Care                                                             ; On                 ; On                 ;
; Remove Redundant Logic Cells                                                    ; Off                ; Off                ;
; Remove Duplicate Registers                                                      ; On                 ; On                 ;
; Ignore CARRY Buffers                                                            ; Off                ; Off                ;
; Ignore CASCADE Buffers                                                          ; Off                ; Off                ;
; Ignore GLOBAL Buffers                                                           ; Off                ; Off                ;
; Ignore ROW GLOBAL Buffers                                                       ; Off                ; Off                ;
; Ignore LCELL Buffers                                                            ; Off                ; Off                ;
; Ignore SOFT Buffers                                                             ; On                 ; On                 ;
; Limit AHDL Integers to 32 Bits                                                  ; Off                ; Off                ;
; Optimization Technique                                                          ; Balanced           ; Balanced           ;
; Carry Chain Length                                                              ; 70                 ; 70                 ;
; Auto Carry Chains                                                               ; On                 ; On                 ;
; Auto Open-Drain Pins                                                            ; On                 ; On                 ;
; Perform WYSIWYG Primitive Resynthesis                                           ; Off                ; Off                ;
; Auto ROM Replacement                                                            ; On                 ; On                 ;
; Auto RAM Replacement                                                            ; On                 ; On                 ;
; Auto DSP Block Replacement                                                      ; On                 ; On                 ;
; Auto Shift Register Replacement                                                 ; Auto               ; Auto               ;
; Allow Shift Register Merging across Hierarchies                                 ; Auto               ; Auto               ;
; Auto Clock Enable Replacement                                                   ; On                 ; On                 ;
; Strict RAM Replacement                                                          ; Off                ; Off                ;
; Allow Synchronous Control Signals                                               ; On                 ; On                 ;
; Force Use of Synchronous Clear Signals                                          ; Off                ; Off                ;
; Auto Resource Sharing                                                           ; Off                ; Off                ;
; Allow Any RAM Size For Recognition                                              ; Off                ; Off                ;
; Allow Any ROM Size For Recognition                                              ; Off                ; Off                ;
; Allow Any Shift Register Size For Recognition                                   ; Off                ; Off                ;
; Use LogicLock Constraints during Resource Balancing                             ; On                 ; On                 ;
; Ignore translate_off and synthesis_off directives                               ; Off                ; Off                ;
; Timing-Driven Synthesis                                                         ; On                 ; On                 ;
; Report Parameter Settings                                                       ; On                 ; On                 ;
; Report Source Assignments                                                       ; On                 ; On                 ;
; Report Connectivity Checks                                                      ; On                 ; On                 ;
; Ignore Maximum Fan-Out Assignments                                              ; Off                ; Off                ;
; Synchronization Register Chain Length                                           ; 3                  ; 3                  ;
; Power Optimization During Synthesis                                             ; Normal compilation ; Normal compilation ;
; HDL message level                                                               ; Level2             ; Level2             ;
; Suppress Register Optimization Related Messages                                 ; Off                ; Off                ;
; Number of Removed Registers Reported in Synthesis Report                        ; 5000               ; 5000               ;
; Number of Swept Nodes Reported in Synthesis Report                              ; 5000               ; 5000               ;
; Number of Inverted Registers Reported in Synthesis Report                       ; 100                ; 100                ;
; Clock MUX Protection                                                            ; On                 ; On                 ;
; Auto Gated Clock Conversion                                                     ; Off                ; Off                ;
; Block Design Naming                                                             ; Auto               ; Auto               ;
; SDC constraint protection                                                       ; Off                ; Off                ;
; Synthesis Effort                                                                ; Auto               ; Auto               ;
; Shift Register Replacement - Allow Asynchronous Clear Signal                    ; On                 ; On                 ;
; Pre-Mapping Resynthesis Optimization                                            ; Off                ; Off                ;
; Analysis & Synthesis Message Level                                              ; Medium             ; Medium             ;
; Disable Register Merging Across Hierarchies                                     ; Auto               ; Auto               ;
; Resource Aware Inference For Block RAM                                          ; On                 ; On                 ;
; Automatic Parallel Synthesis                                                    ; On                 ; On                 ;
; Partial Reconfiguration Bitstream ID                                            ; Off                ; Off                ;
+---------------------------------------------------------------------------------+--------------------+--------------------+


+---------------------------------+
; Analysis & Elaboration Messages ;
+---------------------------------+
Info: *******************************************************************
Info: Running Quartus Prime Analysis & Elaboration
    Info: Version 19.1.0 Build 670 09/22/2019 SJ Lite Edition
    Info: Processing started: Sat Jan 06 20:51:42 2024
Info: Command: quartus_map --read_settings_files=on --write_settings_files=off DE0_CV -c DE0_CV --analysis_and_elaboration
Warning (18236): Number of processors has not been specified which may cause overloading on shared machines.  Set the global assignment NUM_PARALLEL_PROCESSORS in your QSF to an appropriate value for best performance.
Info (20030): Parallel compilation is enabled and will use 16 of the 16 processors detected
Info (12021): Found 1 design units, including 1 entities, in source file design/stack.sv
    Info (12023): Found entity 1: stack File: C:/circut_design/01057024_DEMO11/DE0_CV/design/stack.sv Line: 1
Info (12021): Found 1 design units, including 1 entities, in source file design/single_port_ram_128x8.sv
    Info (12023): Found entity 1: single_port_ram_128x8 File: C:/circut_design/01057024_DEMO11/DE0_CV/design/single_port_ram_128x8.sv Line: 1
Info (12021): Found 1 design units, including 1 entities, in source file design/program_rom.sv
    Info (12023): Found entity 1: Program_Rom File: C:/circut_design/01057024_DEMO11/DE0_CV/design/Program_Rom.sv Line: 1
Info (12021): Found 1 design units, including 1 entities, in source file design/cpu.sv
    Info (12023): Found entity 1: CPU File: C:/circut_design/01057024_DEMO11/DE0_CV/design/CPU.sv Line: 1
Info (12021): Found 1 design units, including 1 entities, in source file design/de0_cv.sv
    Info (12023): Found entity 1: DE0_CV File: C:/circut_design/01057024_DEMO11/DE0_CV/design/DE0_CV.sv Line: 6
Warning (10236): Verilog HDL Implicit Net warning at CPU.sv(75): created implicit net for "ADDLW" File: C:/circut_design/01057024_DEMO11/DE0_CV/design/CPU.sv Line: 75
Warning (10236): Verilog HDL Implicit Net warning at CPU.sv(76): created implicit net for "MOVLW" File: C:/circut_design/01057024_DEMO11/DE0_CV/design/CPU.sv Line: 76
Warning (10236): Verilog HDL Implicit Net warning at CPU.sv(77): created implicit net for "ADDWF" File: C:/circut_design/01057024_DEMO11/DE0_CV/design/CPU.sv Line: 77
Warning (10236): Verilog HDL Implicit Net warning at CPU.sv(78): created implicit net for "IORLW" File: C:/circut_design/01057024_DEMO11/DE0_CV/design/CPU.sv Line: 78
Warning (10236): Verilog HDL Implicit Net warning at CPU.sv(79): created implicit net for "ANDWF" File: C:/circut_design/01057024_DEMO11/DE0_CV/design/CPU.sv Line: 79
Warning (10236): Verilog HDL Implicit Net warning at CPU.sv(80): created implicit net for "SUBLW" File: C:/circut_design/01057024_DEMO11/DE0_CV/design/CPU.sv Line: 80
Warning (10236): Verilog HDL Implicit Net warning at CPU.sv(81): created implicit net for "XORLW" File: C:/circut_design/01057024_DEMO11/DE0_CV/design/CPU.sv Line: 81
Warning (10236): Verilog HDL Implicit Net warning at CPU.sv(82): created implicit net for "CLRF" File: C:/circut_design/01057024_DEMO11/DE0_CV/design/CPU.sv Line: 82
Warning (10236): Verilog HDL Implicit Net warning at CPU.sv(83): created implicit net for "CLRW" File: C:/circut_design/01057024_DEMO11/DE0_CV/design/CPU.sv Line: 83
Warning (10236): Verilog HDL Implicit Net warning at CPU.sv(84): created implicit net for "COMF" File: C:/circut_design/01057024_DEMO11/DE0_CV/design/CPU.sv Line: 84
Warning (10236): Verilog HDL Implicit Net warning at CPU.sv(85): created implicit net for "DECF" File: C:/circut_design/01057024_DEMO11/DE0_CV/design/CPU.sv Line: 85
Warning (10236): Verilog HDL Implicit Net warning at CPU.sv(86): created implicit net for "GOTO" File: C:/circut_design/01057024_DEMO11/DE0_CV/design/CPU.sv Line: 86
Warning (10236): Verilog HDL Implicit Net warning at CPU.sv(88): created implicit net for "INCF" File: C:/circut_design/01057024_DEMO11/DE0_CV/design/CPU.sv Line: 88
Warning (10236): Verilog HDL Implicit Net warning at CPU.sv(89): created implicit net for "IORWF" File: C:/circut_design/01057024_DEMO11/DE0_CV/design/CPU.sv Line: 89
Warning (10236): Verilog HDL Implicit Net warning at CPU.sv(90): created implicit net for "MOVF" File: C:/circut_design/01057024_DEMO11/DE0_CV/design/CPU.sv Line: 90
Warning (10236): Verilog HDL Implicit Net warning at CPU.sv(91): created implicit net for "MOVWF" File: C:/circut_design/01057024_DEMO11/DE0_CV/design/CPU.sv Line: 91
Warning (10236): Verilog HDL Implicit Net warning at CPU.sv(92): created implicit net for "SUBWF" File: C:/circut_design/01057024_DEMO11/DE0_CV/design/CPU.sv Line: 92
Warning (10236): Verilog HDL Implicit Net warning at CPU.sv(93): created implicit net for "XORWF" File: C:/circut_design/01057024_DEMO11/DE0_CV/design/CPU.sv Line: 93
Warning (10236): Verilog HDL Implicit Net warning at CPU.sv(95): created implicit net for "BCF" File: C:/circut_design/01057024_DEMO11/DE0_CV/design/CPU.sv Line: 95
Warning (10236): Verilog HDL Implicit Net warning at CPU.sv(96): created implicit net for "BSF" File: C:/circut_design/01057024_DEMO11/DE0_CV/design/CPU.sv Line: 96
Warning (10236): Verilog HDL Implicit Net warning at CPU.sv(97): created implicit net for "BTFSC" File: C:/circut_design/01057024_DEMO11/DE0_CV/design/CPU.sv Line: 97
Warning (10236): Verilog HDL Implicit Net warning at CPU.sv(98): created implicit net for "BTFSS" File: C:/circut_design/01057024_DEMO11/DE0_CV/design/CPU.sv Line: 98
Warning (10236): Verilog HDL Implicit Net warning at CPU.sv(99): created implicit net for "DECFSZ" File: C:/circut_design/01057024_DEMO11/DE0_CV/design/CPU.sv Line: 99
Warning (10236): Verilog HDL Implicit Net warning at CPU.sv(100): created implicit net for "INCFSZ" File: C:/circut_design/01057024_DEMO11/DE0_CV/design/CPU.sv Line: 100
Warning (10236): Verilog HDL Implicit Net warning at CPU.sv(102): created implicit net for "ASRF" File: C:/circut_design/01057024_DEMO11/DE0_CV/design/CPU.sv Line: 102
Warning (10236): Verilog HDL Implicit Net warning at CPU.sv(103): created implicit net for "LSLF" File: C:/circut_design/01057024_DEMO11/DE0_CV/design/CPU.sv Line: 103
Warning (10236): Verilog HDL Implicit Net warning at CPU.sv(104): created implicit net for "LSRF" File: C:/circut_design/01057024_DEMO11/DE0_CV/design/CPU.sv Line: 104
Warning (10236): Verilog HDL Implicit Net warning at CPU.sv(105): created implicit net for "RLF" File: C:/circut_design/01057024_DEMO11/DE0_CV/design/CPU.sv Line: 105
Warning (10236): Verilog HDL Implicit Net warning at CPU.sv(106): created implicit net for "RRF" File: C:/circut_design/01057024_DEMO11/DE0_CV/design/CPU.sv Line: 106
Warning (10236): Verilog HDL Implicit Net warning at CPU.sv(107): created implicit net for "SWAPF" File: C:/circut_design/01057024_DEMO11/DE0_CV/design/CPU.sv Line: 107
Warning (10236): Verilog HDL Implicit Net warning at CPU.sv(108): created implicit net for "CALL" File: C:/circut_design/01057024_DEMO11/DE0_CV/design/CPU.sv Line: 108
Warning (10236): Verilog HDL Implicit Net warning at CPU.sv(109): created implicit net for "RETURN" File: C:/circut_design/01057024_DEMO11/DE0_CV/design/CPU.sv Line: 109
Warning (10236): Verilog HDL Implicit Net warning at CPU.sv(111): created implicit net for "BRA" File: C:/circut_design/01057024_DEMO11/DE0_CV/design/CPU.sv Line: 111
Warning (10236): Verilog HDL Implicit Net warning at CPU.sv(112): created implicit net for "BRW" File: C:/circut_design/01057024_DEMO11/DE0_CV/design/CPU.sv Line: 112
Warning (10236): Verilog HDL Implicit Net warning at CPU.sv(113): created implicit net for "NOP" File: C:/circut_design/01057024_DEMO11/DE0_CV/design/CPU.sv Line: 113
Warning (10236): Verilog HDL Implicit Net warning at CPU.sv(226): created implicit net for "d" File: C:/circut_design/01057024_DEMO11/DE0_CV/design/CPU.sv Line: 226
Info (12127): Elaborating entity "CPU" for the top level hierarchy
Warning (10036): Verilog HDL or VHDL warning at CPU.sv(113): object "NOP" assigned a value but never read File: C:/circut_design/01057024_DEMO11/DE0_CV/design/CPU.sv Line: 113
Warning (10036): Verilog HDL or VHDL warning at CPU.sv(9): object "port_b_out" assigned a value but never read File: C:/circut_design/01057024_DEMO11/DE0_CV/design/CPU.sv Line: 9
Warning (10230): Verilog HDL assignment warning at CPU.sv(20): truncated value with size 32 to match size of target (11) File: C:/circut_design/01057024_DEMO11/DE0_CV/design/CPU.sv Line: 20
Warning (10230): Verilog HDL assignment warning at CPU.sv(25): truncated value with size 32 to match size of target (11) File: C:/circut_design/01057024_DEMO11/DE0_CV/design/CPU.sv Line: 25
Warning (10230): Verilog HDL assignment warning at CPU.sv(198): truncated value with size 32 to match size of target (8) File: C:/circut_design/01057024_DEMO11/DE0_CV/design/CPU.sv Line: 198
Warning (10230): Verilog HDL assignment warning at CPU.sv(199): truncated value with size 32 to match size of target (8) File: C:/circut_design/01057024_DEMO11/DE0_CV/design/CPU.sv Line: 199
Warning (10230): Verilog HDL assignment warning at CPU.sv(223): truncated value with size 32 to match size of target (11) File: C:/circut_design/01057024_DEMO11/DE0_CV/design/CPU.sv Line: 223
Warning (10230): Verilog HDL assignment warning at CPU.sv(224): truncated value with size 32 to match size of target (11) File: C:/circut_design/01057024_DEMO11/DE0_CV/design/CPU.sv Line: 224
Info (12128): Elaborating entity "Program_Rom" for hierarchy "Program_Rom:ROM1" File: C:/circut_design/01057024_DEMO11/DE0_CV/design/CPU.sv Line: 46
Info (12128): Elaborating entity "single_port_ram_128x8" for hierarchy "single_port_ram_128x8:RAM1" File: C:/circut_design/01057024_DEMO11/DE0_CV/design/CPU.sv Line: 55
Info (12128): Elaborating entity "stack" for hierarchy "stack:s1" File: C:/circut_design/01057024_DEMO11/DE0_CV/design/CPU.sv Line: 64
Warning (10230): Verilog HDL assignment warning at stack.sv(18): truncated value with size 32 to match size of target (4) File: C:/circut_design/01057024_DEMO11/DE0_CV/design/stack.sv Line: 18
Warning (10230): Verilog HDL assignment warning at stack.sv(31): truncated value with size 32 to match size of target (4) File: C:/circut_design/01057024_DEMO11/DE0_CV/design/stack.sv Line: 31
Warning (10230): Verilog HDL assignment warning at stack.sv(35): truncated value with size 32 to match size of target (4) File: C:/circut_design/01057024_DEMO11/DE0_CV/design/stack.sv Line: 35
Info: Quartus Prime Analysis & Elaboration was successful. 0 errors, 48 warnings
    Info: Peak virtual memory: 4772 megabytes
    Info: Processing ended: Sat Jan 06 20:51:48 2024
    Info: Elapsed time: 00:00:06
    Info: Total CPU time (on all processors): 00:00:07


